# JRE version: OpenJDK Runtime Environment (8.0_152-b02) (build 1.8.0_152-release-1024-b02)
# Java VM: OpenJDK 64-Bit Server VM (25.152-b02 mixed mode windows-amd64 compressed oops)
Heap:
 PSYoungGen      total 347136K, used 207469K [0x00000000e0000000, 0x00000000fe380000, 0x0000000100000000)
  eden space 323584K, 62% used [0x00000000e0000000,0x00000000ec54a260,0x00000000f3c00000)
  from space 23552K, 23% used [0x00000000f3c00000,0x00000000f4151518,0x00000000f5300000)
  to   space 23040K, 0% used [0x00000000fcd00000,0x00000000fcd00000,0x00000000fe380000)
 ParOldGen       total 102400K, used 34448K [0x00000000a0000000, 0x00000000a6400000, 0x00000000e0000000)
  object space 102400K, 33% used [0x00000000a0000000,0x00000000a21a43c0,0x00000000a6400000)
 Metaspace       used 68951K, capacity 71554K, committed 71760K, reserved 1112064K
  class space    used 8981K, capacity 9524K, committed 9596K, reserved 1048576K
GC Heap History (10 events):
Event: 12.740 GC heap before
{Heap before GC invocations=10 (full 2):
 PSYoungGen      total 244736K, used 9493K [0x00000000e0000000, 0x00000000efe80000, 0x0000000100000000)
  eden space 233984K, 0% used [0x00000000e0000000,0x00000000e0000000,0x00000000ee480000)
  from space 10752K, 88% used [0x00000000ef400000,0x00000000efd455b0,0x00000000efe80000)
  to   space 13312K, 0% used [0x00000000ee480000,0x00000000ee480000,0x00000000ef180000)
 ParOldGen       total 52224K, used 12098K [0x00000000a0000000, 0x00000000a3300000, 0x00000000e0000000)
  object space 52224K, 23% used [0x00000000a0000000,0x00000000a0bd08d0,0x00000000a3300000)
 Metaspace       used 35371K, capacity 35922K, committed 36048K, reserved 1081344K
  class space    used 4855K, capacity 5041K, committed 5116K, reserved 1048576K
Event: 12.841 GC heap after
Heap after GC invocations=10 (full 2):
 PSYoungGen      total 244736K, used 0K [0x00000000e0000000, 0x00000000efe80000, 0x0000000100000000)
  eden space 233984K, 0% used [0x00000000e0000000,0x00000000e0000000,0x00000000ee480000)
  from space 10752K, 0% used [0x00000000ef400000,0x00000000ef400000,0x00000000efe80000)
  to   space 13312K, 0% used [0x00000000ee480000,0x00000000ee480000,0x00000000ef180000)
 ParOldGen       total 71168K, used 16303K [0x00000000a0000000, 0x00000000a4580000, 0x00000000e0000000)
  object space 71168K, 22% used [0x00000000a0000000,0x00000000a0febe60,0x00000000a4580000)
 Metaspace       used 35371K, capacity 35922K, committed 36048K, reserved 1081344K
  class space    used 4855K, capacity 5041K, committed 5116K, reserved 1048576K
}
Event: 22.023 GC heap before
{Heap before GC invocations=11 (full 2):
 PSYoungGen      total 244736K, used 233984K [0x00000000e0000000, 0x00000000efe80000, 0x0000000100000000)
  eden space 233984K, 100% used [0x00000000e0000000,0x00000000ee480000,0x00000000ee480000)
  from space 10752K, 0% used [0x00000000ef400000,0x00000000ef400000,0x00000000efe80000)
  to   space 13312K, 0% used [0x00000000ee480000,0x00000000ee480000,0x00000000ef180000)
 ParOldGen       total 71168K, used 16303K [0x00000000a0000000, 0x00000000a4580000, 0x00000000e0000000)
  object space 71168K, 22% used [0x00000000a0000000,0x00000000a0febe60,0x00000000a4580000)
 Metaspace       used 52470K, capacity 54084K, committed 54224K, reserved 1095680K
  class space    used 7229K, capacity 7615K, committed 7676K, reserved 1048576K
Event: 22.062 GC heap after
Heap after GC invocations=11 (full 2):
 PSYoungGen      total 247296K, used 13309K [0x00000000e0000000, 0x00000000f6980000, 0x0000000100000000)
  eden space 233984K, 0% used [0x00000000e0000000,0x00000000e0000000,0x00000000ee480000)
  from space 13312K, 99% used [0x00000000ee480000,0x00000000ef17f500,0x00000000ef180000)
  to   space 18944K, 0% used [0x00000000f5700000,0x00000000f5700000,0x00000000f6980000)
 ParOldGen       total 71168K, used 26347K [0x00000000a0000000, 0x00000000a4580000, 0x00000000e0000000)
  object space 71168K, 37% used [0x00000000a0000000,0x00000000a19baf90,0x00000000a4580000)
 Metaspace       used 52470K, capacity 54084K, committed 54224K, reserved 1095680K
  class space    used 7229K, capacity 7615K, committed 7676K, reserved 1048576K
}
Event: 182.406 GC heap before
{Heap before GC invocations=12 (full 2):
 PSYoungGen      total 247296K, used 155108K [0x00000000e0000000, 0x00000000f6980000, 0x0000000100000000)
  eden space 233984K, 60% used [0x00000000e0000000,0x00000000e8a79bb8,0x00000000ee480000)
  from space 13312K, 99% used [0x00000000ee480000,0x00000000ef17f500,0x00000000ef180000)
  to   space 18944K, 0% used [0x00000000f5700000,0x00000000f5700000,0x00000000f6980000)
 ParOldGen       total 71168K, used 26347K [0x00000000a0000000, 0x00000000a4580000, 0x00000000e0000000)
  object space 71168K, 37% used [0x00000000a0000000,0x00000000a19baf90,0x00000000a4580000)
 Metaspace       used 58123K, capacity 59956K, committed 60080K, reserved 1101824K
  class space    used 7784K, capacity 8203K, committed 8316K, reserved 1048576K
Event: 182.469 GC heap after
Heap after GC invocations=12 (full 2):
 PSYoungGen      total 342528K, used 18912K [0x00000000e0000000, 0x00000000f6a00000, 0x0000000100000000)
  eden space 323584K, 0% used [0x00000000e0000000,0x00000000e0000000,0x00000000f3c00000)
  from space 18944K, 99% used [0x00000000f5700000,0x00000000f6978290,0x00000000f6980000)
  to   space 23552K, 0% used [0x00000000f3c00000,0x00000000f3c00000,0x00000000f5300000)
 ParOldGen       total 71168K, used 32018K [0x00000000a0000000, 0x00000000a4580000, 0x00000000e0000000)
  object space 71168K, 44% used [0x00000000a0000000,0x00000000a1f44880,0x00000000a4580000)
 Metaspace       used 58123K, capacity 59956K, committed 60080K, reserved 1101824K
  class space    used 7784K, capacity 8203K, committed 8316K, reserved 1048576K
}
Event: 182.469 GC heap before
{Heap before GC invocations=13 (full 3):
 PSYoungGen      total 342528K, used 18912K [0x00000000e0000000, 0x00000000f6a00000, 0x0000000100000000)
  eden space 323584K, 0% used [0x00000000e0000000,0x00000000e0000000,0x00000000f3c00000)
  from space 18944K, 99% used [0x00000000f5700000,0x00000000f6978290,0x00000000f6980000)
  to   space 23552K, 0% used [0x00000000f3c00000,0x00000000f3c00000,0x00000000f5300000)
 ParOldGen       total 71168K, used 32018K [0x00000000a0000000, 0x00000000a4580000, 0x00000000e0000000)
  object space 71168K, 44% used [0x00000000a0000000,0x00000000a1f44880,0x00000000a4580000)
 Metaspace       used 58123K, capacity 59956K, committed 60080K, reserved 1101824K
  class space    used 7784K, capacity 8203K, committed 8316K, reserved 1048576K
Event: 182.767 GC heap after
Heap after GC invocations=13 (full 3):
 PSYoungGen      total 342528K, used 0K [0x00000000e0000000, 0x00000000f6a00000, 0x0000000100000000)
  eden space 323584K, 0% used [0x00000000e0000000,0x00000000e0000000,0x00000000f3c00000)
  from space 18944K, 0% used [0x00000000f5700000,0x00000000f5700000,0x00000000f6980000)
  to   space 23552K, 0% used [0x00000000f3c00000,0x00000000f3c00000,0x00000000f5300000)
 ParOldGen       total 102400K, used 34440K [0x00000000a0000000, 0x00000000a6400000, 0x00000000e0000000)
  object space 102400K, 33% used [0x00000000a0000000,0x00000000a21a23c0,0x00000000a6400000)
 Metaspace       used 58123K, capacity 59956K, committed 60080K, reserved 1101824K
  class space    used 7784K, capacity 8203K, committed 8316K, reserved 1048576K
}
Event: 1253.086 GC heap before
{Heap before GC invocations=14 (full 3):
 PSYoungGen      total 342528K, used 323584K [0x00000000e0000000, 0x00000000f6a00000, 0x0000000100000000)
  eden space 323584K, 100% used [0x00000000e0000000,0x00000000f3c00000,0x00000000f3c00000)
  from space 18944K, 0% used [0x00000000f5700000,0x00000000f5700000,0x00000000f6980000)
  to   space 23552K, 0% used [0x00000000f3c00000,0x00000000f3c00000,0x00000000f5300000)
 ParOldGen       total 102400K, used 34440K [0x00000000a0000000, 0x00000000a6400000, 0x00000000e0000000)
  object space 102400K, 33% used [0x00000000a0000000,0x00000000a21a23c0,0x00000000a6400000)
 Metaspace       used 62716K, capacity 65098K, committed 65360K, reserved 1105920K
  class space    used 8291K, capacity 8786K, committed 8828K, reserved 1048576K
Event: 1253.107 GC heap after
Heap after GC invocations=14 (full 3):
 PSYoungGen      total 347136K, used 5445K [0x00000000e0000000, 0x00000000fe380000, 0x0000000100000000)
  eden space 323584K, 0% used [0x00000000e0000000,0x00000000e0000000,0x00000000f3c00000)
  from space 23552K, 23% used [0x00000000f3c00000,0x00000000f4151518,0x00000000f5300000)
  to   space 23040K, 0% used [0x00000000fcd00000,0x00000000fcd00000,0x00000000fe380000)
 ParOldGen       total 102400K, used 34448K [0x00000000a0000000, 0x00000000a6400000, 0x00000000e0000000)
  object space 102400K, 33% used [0x00000000a0000000,0x00000000a21a43c0,0x00000000a6400000)
 Metaspace       used 62716K, capacity 65098K, committed 65360K, reserved 1105920K
  class space    used 8291K, capacity 8786K, committed 8828K, reserved 1048576K
}

